<?xml version="1.0" encoding="UTF-8" ?>
<testsuite tests="4" failures="1" name="Tests" time="20.421" errors="0" skipped="0">
  <properties>
[...]
</properties>
  <testcase classname="Tests" name="obterCrocodileDoUsuario" time="10.086"/>
  <testcase classname="Tests" name="listarTodosCrocodile" time="0.703"/>
  <testcase classname="Tests" name="validateSchemaCrocodiles" time="0.538">
    <failure message="expected:&lt;201&gt; but was:&lt;200&gt;" type="java.lang.AssertionError">java.lang.AssertionError: expected:&lt;201&gt; but was:&lt;200&gt;
	at org.junit.Assert.fail(Assert.java:89)
	at org.junit.Assert.failNotEquals(Assert.java:835)
	at org.junit.Assert.assertEquals(Assert.java:647)
	at org.junit.Assert.assertEquals(Assert.java:633)
	at Tests.validateSchemaCrocodiles(Tests.java:79)
	at java.base/jdk.internal.reflect.NativeMethodAccessorImpl.invoke0(Native Method)
	at java.base/jdk.internal.reflect.NativeMethodAccessorImpl.invoke(NativeMethodAccessorImpl.java:62)
	at java.base/jdk.internal.reflect.DelegatingMethodAccessorImpl.invoke(DelegatingMethodAccessorImpl.java:43)
	at java.base/java.lang.reflect.Method.invoke(Method.java:566)
	at org.junit.runners.model.FrameworkMethod$1.runReflectiveCall(FrameworkMethod.java:59)
	at org.junit.internal.runners.model.ReflectiveCallable.run(ReflectiveCallable.java:12)
	at org.junit.runners.model.FrameworkMethod.invokeExplosively(FrameworkMethod.java:56)
	at org.junit.internal.runners.statements.InvokeMethod.evaluate(InvokeMethod.java:17)
	at org.junit.internal.runners.statements.RunBefores.evaluate(RunBefores.java:26)
	at org.junit.rules.TestWatcher$1.evaluate(TestWatcher.java:61)
	at org.junit.runners.ParentRunner$3.evaluate(ParentRunner.java:306)
	at org.junit.runners.BlockJUnit4ClassRunner$1.evaluate(BlockJUnit4ClassRunner.java:100)
	at org.junit.runners.ParentRunner.runLeaf(ParentRunner.java:366)
	at org.junit.runners.BlockJUnit4ClassRunner.runChild(BlockJUnit4ClassRunner.java:103)
	at org.junit.runners.BlockJUnit4ClassRunner.runChild(BlockJUnit4ClassRunner.java:63)
	at org.junit.runners.ParentRunner$4.run(ParentRunner.java:331)
	at org.junit.runners.ParentRunner$1.schedule(ParentRunner.java:79)
	at org.junit.runners.ParentRunner.runChildren(ParentRunner.java:329)
	at org.junit.runners.ParentRunner.access$100(ParentRunner.java:66)
	at org.junit.runners.ParentRunner$2.evaluate(ParentRunner.java:293)
	at org.junit.runners.ParentRunner$3.evaluate(ParentRunner.java:306)
	at org.junit.runners.ParentRunner.run(ParentRunner.java:413)
	at org.apache.maven.surefire.junit4.JUnit4Provider.execute(JUnit4Provider.java:252)
	at org.apache.maven.surefire.junit4.JUnit4Provider.executeTestSet(JUnit4Provider.java:141)
	at org.apache.maven.surefire.junit4.JUnit4Provider.invoke(JUnit4Provider.java:112)
	at java.base/jdk.internal.reflect.NativeMethodAccessorImpl.invoke0(Native Method)
	at java.base/jdk.internal.reflect.NativeMethodAccessorImpl.invoke(NativeMethodAccessorImpl.java:62)
	at java.base/jdk.internal.reflect.DelegatingMethodAccessorImpl.invoke(DelegatingMethodAccessorImpl.java:43)
	at java.base/java.lang.reflect.Method.invoke(Method.java:566)
	at org.apache.maven.surefire.util.ReflectionUtils.invokeMethodWithArray(ReflectionUtils.java:189)
	at org.apache.maven.surefire.booter.ProviderFactory$ProviderProxy.invoke(ProviderFactory.java:165)
	at org.apache.maven.surefire.booter.ProviderFactory.invokeProvider(ProviderFactory.java:85)
	at org.apache.maven.surefire.booter.ForkedBooter.runSuitesInProcess(ForkedBooter.java:115)
	at org.apache.maven.surefire.booter.ForkedBooter.main(ForkedBooter.java:75)
</failure>
    <system-out>Iniciando teste: validateSchemaCrocodiles(Tests)
baseUrl https://test-api.k6.io/public/crocodiles/
Request method:	GET
Request URI:	https://test-api.k6.io/public/crocodiles/
Proxy:			&lt;none&gt;
Request params:	&lt;none&gt;
Query params:	&lt;none&gt;
Form params:	&lt;none&gt;
Path params:	&lt;none&gt;
Headers:		Accept=*/*
				Content-Type=application/json
Cookies:		&lt;none&gt;
Multiparts:		&lt;none&gt;
Body:			&lt;none&gt;
---------------------- BACKEND RESPOSTA ------------------------
[
    {
        &quot;id&quot;: 1,
        &quot;name&quot;: &quot;Bert&quot;,
        &quot;sex&quot;: &quot;M&quot;,
        &quot;date_of_birth&quot;: &quot;2010-06-27&quot;,
        &quot;age&quot;: 13
    },
    {
        &quot;id&quot;: 2,
        &quot;name&quot;: &quot;Ed&quot;,
        &quot;sex&quot;: &quot;M&quot;,
        &quot;date_of_birth&quot;: &quot;1995-02-27&quot;,
        &quot;age&quot;: 29
    },
    {
        &quot;id&quot;: 3,
        &quot;name&quot;: &quot;Lyle the Crocodile&quot;,
        &quot;sex&quot;: &quot;M&quot;,
        &quot;date_of_birth&quot;: &quot;1985-03-03&quot;,
        &quot;age&quot;: 39
    },
    {
        &quot;id&quot;: 4,
        &quot;name&quot;: &quot;Solomon&quot;,
        &quot;sex&quot;: &quot;M&quot;,
        &quot;date_of_birth&quot;: &quot;1993-12-25&quot;,
        &quot;age&quot;: 30
    },
    {
        &quot;id&quot;: 5,
        &quot;name&quot;: &quot;The gharial&quot;,
        &quot;sex&quot;: &quot;F&quot;,
        &quot;date_of_birth&quot;: &quot;2004-06-28&quot;,
        &quot;age&quot;: 19
    },
    {
        &quot;id&quot;: 6,
        &quot;name&quot;: &quot;Sang Buaya&quot;,
        &quot;sex&quot;: &quot;F&quot;,
        &quot;date_of_birth&quot;: &quot;2006-01-28&quot;,
        &quot;age&quot;: 18
    },
    {
        &quot;id&quot;: 7,
        &quot;name&quot;: &quot;Sobek&quot;,
        &quot;sex&quot;: &quot;F&quot;,
        &quot;date_of_birth&quot;: &quot;1854-09-02&quot;,
        &quot;age&quot;: 169
    },
    {
        &quot;id&quot;: 8,
        &quot;name&quot;: &quot;Curious George&quot;,
        &quot;sex&quot;: &quot;M&quot;,
        &quot;date_of_birth&quot;: &quot;1981-01-03&quot;,
        &quot;age&quot;: 43
    }
]
The response status code is: 200
&amp;#27;[31mTeste falhou: validateSchemaCrocodiles(Tests)&amp;#27;[0m
</system-out>
  </testcase>
  <testcase classname="Tests" name="criarNovoCrocodile" time="9.094"/>
</testsuite>